<?xml version="1.0" encoding="UTF-8"?>
<!-- Generated by org.testng.reporters.JUnitReportReporter -->
<testsuite hostname="DESKTOP-719EGUE" failures="0" tests="1" name="com.test.Test_POST" time="2.582" errors="0" timestamp="28 Sep 2020 06:48:25 GMT" skipped="0">
  <testcase classname="com.test.Test_POST" name="test_delete_03" time="2.582"/>
</testsuite> <!-- com.test.Test_POST -->
