<?xml version="1.0" encoding="UTF-8"?>
<!-- Generated by org.testng.reporters.JUnitReportReporter -->
<testsuite hostname="DESKTOP-719EGUE" failures="0" tests="3" name="com.test.DataDriven_Lib" time="3.784" errors="0" timestamp="26 Oct 2020 21:18:13 GMT" skipped="0">
  <testcase classname="com.test.DataDriven_Lib" name="test_post_01" time="0.542"/>
  <testcase classname="com.test.DataDriven_Lib" name="test_getByUserID" time="2.728"/>
  <testcase classname="com.test.DataDriven_Lib" name="test_post_01" time="0.514"/>
</testsuite> <!-- com.test.DataDriven_Lib -->
