<?xml version="1.0" encoding="UTF-8"?>
<!-- Generated by org.testng.reporters.JUnitReportReporter -->
<testsuite hostname="DESKTOP-719EGUE" failures="0" tests="2" name="com.test.Test01_GET2" time="3.115" errors="0" timestamp="26 Sep 2020 00:33:08 GMT" skipped="0">
  <testcase classname="com.test.Test01_GET2" name="test_01" time="2.046"/>
  <testcase classname="com.test.Test01_GET2" name="test_02" time="1.069"/>
</testsuite> <!-- com.test.Test01_GET2 -->
