<?xml version="1.0" encoding="UTF-8"?>
<!-- Generated by org.testng.reporters.JUnitReportReporter -->
<testsuite hostname="DESKTOP-719EGUE" failures="0" tests="2" name="Utils.ExcelDataProvider" time="0.015" errors="0" timestamp="26 Oct 2020 20:28:22 GMT" skipped="0">
  <testcase classname="Utils.ExcelDataProvider" name="test1" time="0.015"/>
  <testcase classname="Utils.ExcelDataProvider" name="test1" time="0.000"/>
</testsuite> <!-- Utils.ExcelDataProvider -->
