<?xml version="1.0" encoding="UTF-8"?>
<!-- Generated by org.testng.reporters.JUnitReportReporter -->
<testsuite hostname="DESKTOP-719EGUE" failures="0" tests="1" name="com.test.Post_Delete_PutTest" time="3.067" errors="0" timestamp="02 Jun 2020 07:50:27 GMT" skipped="0">
  <testcase classname="com.test.Post_Delete_PutTest" name="test1" time="3.067"/>
</testsuite> <!-- com.test.Post_Delete_PutTest -->
