<?xml version="1.0" encoding="UTF-8"?>
<!-- Generated by org.testng.reporters.JUnitReportReporter -->
<testsuite hostname="DESKTOP-719EGUE" failures="0" tests="2" name="getRequest.GetData" time="3.279" errors="0" timestamp="02 Jun 2020 03:07:17 GMT" skipped="0">
  <testcase classname="getRequest.GetData" name="testBody" time="3.185"/>
  <testcase classname="getRequest.GetData" name="testResponseCode" time="0.094"/>
</testsuite> <!-- getRequest.GetData -->
